# JRE version: OpenJDK Runtime Environment Temurin-17.0.7+7 (17.0.7+7) (build 17.0.7+7)
# Java VM: OpenJDK 64-Bit Server VM Temurin-17.0.7+7 (17.0.7+7, mixed mode, emulated-client, tiered, compressed oops, compressed class ptrs, g1 gc, windows-amd64)
GC Precious Log:
 CPUs: 8 total, 8 available
 Memory: 16318M
 Large Page Support: Disabled
 NUMA Support: Disabled
 Compressed Oops: Enabled (32-bit)
 Heap Region Size: 1M
 Heap Min Capacity: 8M
 Heap Initial Capacity: 256M
 Heap Max Capacity: 1G
 Pre-touch: Disabled
 Parallel Workers: 8
 Concurrent Workers: 2
 Concurrent Refinement Workers: 8
 Periodic GC: Disabled
Heap:
 garbage-first heap   total 219136K, used 135789K [0x00000000c0000000, 0x0000000100000000)
  region size 1024K, 70 young (71680K), 8 survivors (8192K)
 Metaspace       used 36205K, committed 36672K, reserved 1114112K
  class space    used 4637K, committed 4864K, reserved 1048576K
GC Heap History (20 events):
Event: 2.838 GC heap after
{Heap after GC invocations=6 (full 0):
 garbage-first heap   total 58368K, used 19658K [0x00000000c0000000, 0x0000000100000000)
  region size 1024K, 3 young (3072K), 3 survivors (3072K)
 Metaspace       used 28782K, committed 29056K, reserved 1114112K
  class space    used 3535K, committed 3648K, reserved 1048576K
}
Event: 3.229 GC heap before
{Heap before GC invocations=6 (full 0):
 garbage-first heap   total 58368K, used 39114K [0x00000000c0000000, 0x0000000100000000)
  region size 1024K, 22 young (22528K), 3 survivors (3072K)
 Metaspace       used 31908K, committed 32320K, reserved 1114112K
  class space    used 3963K, committed 4160K, reserved 1048576K
}
Event: 3.236 GC heap after
{Heap after GC invocations=7 (full 0):
 garbage-first heap   total 58368K, used 21496K [0x00000000c0000000, 0x0000000100000000)
  region size 1024K, 2 young (2048K), 2 survivors (2048K)
 Metaspace       used 31908K, committed 32320K, reserved 1114112K
  class space    used 3963K, committed 4160K, reserved 1048576K
}
Event: 3.594 GC heap before
{Heap before GC invocations=7 (full 0):
 garbage-first heap   total 58368K, used 40952K [0x00000000c0000000, 0x0000000100000000)
  region size 1024K, 21 young (21504K), 2 survivors (2048K)
 Metaspace       used 35366K, committed 35840K, reserved 1114112K
  class space    used 4501K, committed 4736K, reserved 1048576K
}
Event: 3.599 GC heap after
{Heap after GC invocations=8 (full 0):
 garbage-first heap   total 160768K, used 23440K [0x00000000c0000000, 0x0000000100000000)
  region size 1024K, 2 young (2048K), 2 survivors (2048K)
 Metaspace       used 35366K, committed 35840K, reserved 1114112K
  class space    used 4501K, committed 4736K, reserved 1048576K
}
Event: 3.635 GC heap before
{Heap before GC invocations=8 (full 0):
 garbage-first heap   total 160768K, used 26512K [0x00000000c0000000, 0x0000000100000000)
  region size 1024K, 6 young (6144K), 2 survivors (2048K)
 Metaspace       used 35633K, committed 36096K, reserved 1114112K
  class space    used 4552K, committed 4800K, reserved 1048576K
}
Event: 3.637 GC heap after
{Heap after GC invocations=9 (full 0):
 garbage-first heap   total 160768K, used 23403K [0x00000000c0000000, 0x0000000100000000)
  region size 1024K, 2 young (2048K), 2 survivors (2048K)
 Metaspace       used 35633K, committed 36096K, reserved 1114112K
  class space    used 4552K, committed 4800K, reserved 1048576K
}
Event: 3.855 GC heap before
{Heap before GC invocations=10 (full 0):
 garbage-first heap   total 99328K, used 85867K [0x00000000c0000000, 0x0000000100000000)
  region size 1024K, 64 young (65536K), 2 survivors (2048K)
 Metaspace       used 36098K, committed 36480K, reserved 1114112K
  class space    used 4625K, committed 4800K, reserved 1048576K
}
Event: 3.864 GC heap after
{Heap after GC invocations=11 (full 0):
 garbage-first heap   total 103424K, used 35539K [0x00000000c0000000, 0x0000000100000000)
  region size 1024K, 12 young (12288K), 12 survivors (12288K)
 Metaspace       used 36098K, committed 36480K, reserved 1114112K
  class space    used 4625K, committed 4800K, reserved 1048576K
}
Event: 3.974 GC heap before
{Heap before GC invocations=11 (full 0):
 garbage-first heap   total 103424K, used 71379K [0x00000000c0000000, 0x0000000100000000)
  region size 1024K, 47 young (48128K), 12 survivors (12288K)
 Metaspace       used 36104K, committed 36480K, reserved 1114112K
  class space    used 4626K, committed 4800K, reserved 1048576K
}
Event: 3.983 GC heap after
{Heap after GC invocations=12 (full 0):
 garbage-first heap   total 103424K, used 41899K [0x00000000c0000000, 0x0000000100000000)
  region size 1024K, 6 young (6144K), 6 survivors (6144K)
 Metaspace       used 36104K, committed 36480K, reserved 1114112K
  class space    used 4626K, committed 4800K, reserved 1048576K
}
Event: 4.049 GC heap before
{Heap before GC invocations=12 (full 0):
 garbage-first heap   total 103424K, used 74667K [0x00000000c0000000, 0x0000000100000000)
  region size 1024K, 38 young (38912K), 6 survivors (6144K)
 Metaspace       used 36108K, committed 36480K, reserved 1114112K
  class space    used 4626K, committed 4800K, reserved 1048576K
}
Event: 4.059 GC heap after
{Heap after GC invocations=13 (full 0):
 garbage-first heap   total 103424K, used 52858K [0x00000000c0000000, 0x0000000100000000)
  region size 1024K, 5 young (5120K), 5 survivors (5120K)
 Metaspace       used 36108K, committed 36480K, reserved 1114112K
  class space    used 4626K, committed 4800K, reserved 1048576K
}
Event: 4.251 GC heap before
{Heap before GC invocations=13 (full 0):
 garbage-first heap   total 103424K, used 75386K [0x00000000c0000000, 0x0000000100000000)
  region size 1024K, 28 young (28672K), 5 survivors (5120K)
 Metaspace       used 36108K, committed 36480K, reserved 1114112K
  class space    used 4626K, committed 4800K, reserved 1048576K
}
Event: 4.258 GC heap after
{Heap after GC invocations=14 (full 0):
 garbage-first heap   total 103424K, used 57786K [0x00000000c0000000, 0x0000000100000000)
  region size 1024K, 4 young (4096K), 4 survivors (4096K)
 Metaspace       used 36108K, committed 36480K, reserved 1114112K
  class space    used 4626K, committed 4800K, reserved 1048576K
}
Event: 4.365 GC heap before
{Heap before GC invocations=15 (full 0):
 garbage-first heap   total 109568K, used 78266K [0x00000000c0000000, 0x0000000100000000)
  region size 1024K, 24 young (24576K), 4 survivors (4096K)
 Metaspace       used 36109K, committed 36480K, reserved 1114112K
  class space    used 4627K, committed 4800K, reserved 1048576K
}
Event: 4.374 GC heap after
{Heap after GC invocations=16 (full 0):
 garbage-first heap   total 109568K, used 68327K [0x00000000c0000000, 0x0000000100000000)
  region size 1024K, 3 young (3072K), 3 survivors (3072K)
 Metaspace       used 36109K, committed 36480K, reserved 1114112K
  class space    used 4627K, committed 4800K, reserved 1048576K
}
Event: 4.382 GC heap before
{Heap before GC invocations=16 (full 0):
 garbage-first heap   total 109568K, used 69351K [0x00000000c0000000, 0x0000000100000000)
  region size 1024K, 6 young (6144K), 3 survivors (3072K)
 Metaspace       used 36109K, committed 36480K, reserved 1114112K
  class space    used 4627K, committed 4800K, reserved 1048576K
}
Event: 4.388 GC heap after
{Heap after GC invocations=17 (full 0):
 garbage-first heap   total 219136K, used 71277K [0x00000000c0000000, 0x0000000100000000)
  region size 1024K, 2 young (2048K), 2 survivors (2048K)
 Metaspace       used 36109K, committed 36480K, reserved 1114112K
  class space    used 4627K, committed 4800K, reserved 1048576K
}
Event: 4.465 GC heap before
{Heap before GC invocations=17 (full 0):
 garbage-first heap   total 219136K, used 134765K [0x00000000c0000000, 0x0000000100000000)
  region size 1024K, 64 young (65536K), 2 survivors (2048K)
 Metaspace       used 36205K, committed 36672K, reserved 1114112K
  class space    used 4637K, committed 4864K, reserved 1048576K
}

