# JRE version: OpenJDK Runtime Environment Temurin-17.0.7+7 (17.0.7+7) (build 17.0.7+7)
# Java VM: OpenJDK 64-Bit Server VM Temurin-17.0.7+7 (17.0.7+7, mixed mode, emulated-client, tiered, compressed oops, compressed class ptrs, g1 gc, windows-amd64)
GC Precious Log:
 CPUs: 8 total, 8 available
 Memory: 16318M
 Large Page Support: Disabled
 NUMA Support: Disabled
 Compressed Oops: Enabled (32-bit)
 Heap Region Size: 1M
 Heap Min Capacity: 8M
 Heap Initial Capacity: 256M
 Heap Max Capacity: 1G
 Pre-touch: Disabled
 Parallel Workers: 8
 Concurrent Workers: 2
 Concurrent Refinement Workers: 8
 Periodic GC: Disabled
Heap:
 garbage-first heap   total 137216K, used 92878K [0x00000000c0000000, 0x0000000100000000)
  region size 1024K, 49 young (50176K), 6 survivors (6144K)
 Metaspace       used 36055K, committed 36480K, reserved 1114112K
  class space    used 4615K, committed 4800K, reserved 1048576K
GC Heap History (20 events):
Event: 41.085 GC heap after
{Heap after GC invocations=7 (full 0):
 garbage-first heap   total 58368K, used 21513K [0x00000000c0000000, 0x0000000100000000)
  region size 1024K, 2 young (2048K), 2 survivors (2048K)
 Metaspace       used 31848K, committed 32256K, reserved 1114112K
  class space    used 3950K, committed 4160K, reserved 1048576K
}
Event: 42.842 GC heap before
{Heap before GC invocations=7 (full 0):
 garbage-first heap   total 58368K, used 39945K [0x00000000c0000000, 0x0000000100000000)
  region size 1024K, 21 young (21504K), 2 survivors (2048K)
 Metaspace       used 35319K, committed 35712K, reserved 1114112K
  class space    used 4489K, committed 4672K, reserved 1048576K
}
Event: 42.849 GC heap after
{Heap after GC invocations=8 (full 0):
 garbage-first heap   total 58368K, used 23499K [0x00000000c0000000, 0x0000000100000000)
  region size 1024K, 2 young (2048K), 2 survivors (2048K)
 Metaspace       used 35319K, committed 35712K, reserved 1114112K
  class space    used 4489K, committed 4672K, reserved 1048576K
}
Event: 43.159 GC heap before
{Heap before GC invocations=8 (full 0):
 garbage-first heap   total 58368K, used 26571K [0x00000000c0000000, 0x0000000100000000)
  region size 1024K, 6 young (6144K), 2 survivors (2048K)
 Metaspace       used 35619K, committed 35968K, reserved 1114112K
  class space    used 4539K, committed 4672K, reserved 1048576K
}
Event: 43.162 GC heap after
{Heap after GC invocations=9 (full 0):
 garbage-first heap   total 58368K, used 23978K [0x00000000c0000000, 0x0000000100000000)
  region size 1024K, 1 young (1024K), 1 survivors (1024K)
 Metaspace       used 35619K, committed 35968K, reserved 1114112K
  class space    used 4539K, committed 4672K, reserved 1048576K
}
Event: 43.478 GC heap before
{Heap before GC invocations=10 (full 0):
 garbage-first heap   total 58368K, used 42410K [0x00000000c0000000, 0x0000000100000000)
  region size 1024K, 20 young (20480K), 1 survivors (1024K)
 Metaspace       used 35962K, committed 36352K, reserved 1114112K
  class space    used 4599K, committed 4800K, reserved 1048576K
}
Event: 43.484 GC heap after
{Heap after GC invocations=11 (full 0):
 garbage-first heap   total 58368K, used 28682K [0x00000000c0000000, 0x0000000100000000)
  region size 1024K, 3 young (3072K), 3 survivors (3072K)
 Metaspace       used 35962K, committed 36352K, reserved 1114112K
  class space    used 4599K, committed 4800K, reserved 1048576K
}
Event: 43.504 GC heap before
{Heap before GC invocations=11 (full 0):
 garbage-first heap   total 58368K, used 33802K [0x00000000c0000000, 0x0000000100000000)
  region size 1024K, 9 young (9216K), 3 survivors (3072K)
 Metaspace       used 35963K, committed 36352K, reserved 1114112K
  class space    used 4599K, committed 4800K, reserved 1048576K
}
Event: 43.508 GC heap after
{Heap after GC invocations=12 (full 0):
 garbage-first heap   total 58368K, used 29951K [0x00000000c0000000, 0x0000000100000000)
  region size 1024K, 2 young (2048K), 2 survivors (2048K)
 Metaspace       used 35963K, committed 36352K, reserved 1114112K
  class space    used 4599K, committed 4800K, reserved 1048576K
}
Event: 43.594 GC heap before
{Heap before GC invocations=13 (full 0):
 garbage-first heap   total 65536K, used 42239K [0x00000000c0000000, 0x0000000100000000)
  region size 1024K, 14 young (14336K), 2 survivors (2048K)
 Metaspace       used 35963K, committed 36352K, reserved 1114112K
  class space    used 4599K, committed 4800K, reserved 1048576K
}
Event: 43.597 GC heap after
{Heap after GC invocations=14 (full 0):
 garbage-first heap   total 65536K, used 32761K [0x00000000c0000000, 0x0000000100000000)
  region size 1024K, 2 young (2048K), 2 survivors (2048K)
 Metaspace       used 35963K, committed 36352K, reserved 1114112K
  class space    used 4599K, committed 4800K, reserved 1048576K
}
Event: 43.601 GC heap before
{Heap before GC invocations=14 (full 0):
 garbage-first heap   total 65536K, used 33785K [0x00000000c0000000, 0x0000000100000000)
  region size 1024K, 3 young (3072K), 2 survivors (2048K)
 Metaspace       used 35963K, committed 36352K, reserved 1114112K
  class space    used 4599K, committed 4800K, reserved 1048576K
}
Event: 43.604 GC heap after
{Heap after GC invocations=15 (full 0):
 garbage-first heap   total 65536K, used 33123K [0x00000000c0000000, 0x0000000100000000)
  region size 1024K, 1 young (1024K), 1 survivors (1024K)
 Metaspace       used 35963K, committed 36352K, reserved 1114112K
  class space    used 4599K, committed 4800K, reserved 1048576K
}
Event: 43.659 GC heap before
{Heap before GC invocations=15 (full 0):
 garbage-first heap   total 65536K, used 47459K [0x00000000c0000000, 0x0000000100000000)
  region size 1024K, 16 young (16384K), 1 survivors (1024K)
 Metaspace       used 35963K, committed 36352K, reserved 1114112K
  class space    used 4599K, committed 4800K, reserved 1048576K
}
Event: 43.662 GC heap after
{Heap after GC invocations=16 (full 0):
 garbage-first heap   total 137216K, used 36288K [0x00000000c0000000, 0x0000000100000000)
  region size 1024K, 2 young (2048K), 2 survivors (2048K)
 Metaspace       used 35963K, committed 36352K, reserved 1114112K
  class space    used 4599K, committed 4800K, reserved 1048576K
}
Event: 44.053 GC heap before
{Heap before GC invocations=17 (full 0):
 garbage-first heap   total 137216K, used 92608K [0x00000000c0000000, 0x0000000100000000)
  region size 1024K, 58 young (59392K), 2 survivors (2048K)
 Metaspace       used 36055K, committed 36480K, reserved 1114112K
  class space    used 4615K, committed 4800K, reserved 1048576K
}
Event: 44.063 GC heap after
{Heap after GC invocations=18 (full 0):
 garbage-first heap   total 137216K, used 47789K [0x00000000c0000000, 0x0000000100000000)
  region size 1024K, 8 young (8192K), 8 survivors (8192K)
 Metaspace       used 36055K, committed 36480K, reserved 1114112K
  class space    used 4615K, committed 4800K, reserved 1048576K
}
Event: 44.073 GC heap before
{Heap before GC invocations=18 (full 0):
 garbage-first heap   total 137216K, used 48813K [0x00000000c0000000, 0x0000000100000000)
  region size 1024K, 9 young (9216K), 8 survivors (8192K)
 Metaspace       used 36055K, committed 36480K, reserved 1114112K
  class space    used 4615K, committed 4800K, reserved 1048576K
}
Event: 44.080 GC heap after
{Heap after GC invocations=19 (full 0):
 garbage-first heap   total 137216K, used 48872K [0x00000000c0000000, 0x0000000100000000)
  region size 1024K, 2 young (2048K), 2 survivors (2048K)
 Metaspace       used 36055K, committed 36480K, reserved 1114112K
  class space    used 4615K, committed 4800K, reserved 1048576K
}
Event: 44.858 GC heap before
{Heap before GC invocations=19 (full 0):
 garbage-first heap   total 137216K, used 91880K [0x00000000c0000000, 0x0000000100000000)
  region size 1024K, 45 young (46080K), 2 survivors (2048K)
 Metaspace       used 36055K, committed 36480K, reserved 1114112K
  class space    used 4615K, committed 4800K, reserved 1048576K
}

